<?xml version="1.0" encoding="UTF-8"?>
<!-- Generated by org.testng.reporters.JUnitReportReporter -->
<testsuite skipped="0" hostname="Naman-L" name="com.quo.SprintReport.MainTestPackage.SprintReportPage_Test" tests="5" failures="0" timestamp="27 Feb 2020 13:05:08 GMT" time="69.077" errors="0">
  <testcase name="Navigate_To_Sprint_Report" time="10.205" classname="com.quo.SprintReport.MainTestPackage.SprintReportPage_Test"/>
  <testcase name="Select_Sprint_In_Drop_Down" time="1.286" classname="com.quo.SprintReport.MainTestPackage.SprintReportPage_Test"/>
  <testcase name="Generate_XLSX_Template_For_Sprint_Report" time="1.243" classname="com.quo.SprintReport.MainTestPackage.SprintReportPage_Test"/>
  <testcase name="Get_Data_For_Available_Block" time="50.262" classname="com.quo.SprintReport.MainTestPackage.SprintReportPage_Test"/>
  <testcase name="Send_Report_To_Email" time="6.081" classname="com.quo.SprintReport.MainTestPackage.SprintReportPage_Test"/>
</testsuite> <!-- com.quo.SprintReport.MainTestPackage.SprintReportPage_Test -->
