<?xml version="1.0" encoding="UTF-8"?>
<!-- Generated by org.testng.reporters.JUnitReportReporter -->
<testsuite skipped="0" hostname="Naman-L" name="com.quo.Login.MainTestPackage.LoginPage_Test" tests="1" failures="0" timestamp="27 Feb 2020 13:05:08 GMT" time="15.543" errors="0">
  <testcase name="Check_Login_Is_Successful" time="15.543" classname="com.quo.Login.MainTestPackage.LoginPage_Test"/>
</testsuite> <!-- com.quo.Login.MainTestPackage.LoginPage_Test -->
